<?xml version="1.0" encoding="UTF-8"?>
<!-- Generated by org.testng.reporters.JUnitReportReporter -->
<testsuite hostname="SwasLenovo" failures="0" tests="1" name="gitcommittesting.TestGitCommit" time="0.009" errors="0" timestamp="2024-11-15T15:17:25 EST" skipped="0">
  <testcase classname="gitcommittesting.TestGitCommit" name="Test" time="0.009"/>
  <system-out/>
</testsuite> <!-- gitcommittesting.TestGitCommit -->
